# JRE version: OpenJDK Runtime Environment Microsoft-10800295 (17.0.14+7) (build 17.0.14+7-LTS)
# Java VM: OpenJDK 64-Bit Server VM Microsoft-10800295 (17.0.14+7-LTS, mixed mode, sharing, tiered, compressed oops, compressed class ptrs, g1 gc, windows-amd64)
GC Precious Log:
 CPUs: 4 total, 4 available
 Memory: 8109M
 Large Page Support: Disabled
 NUMA Support: Disabled
 Compressed Oops: Enabled (32-bit)
 Heap Region Size: 1M
 Heap Min Capacity: 8M
 Heap Initial Capacity: 128M
 Heap Max Capacity: 2G
 Pre-touch: Disabled
 Parallel Workers: 4
 Concurrent Workers: 1
 Concurrent Refinement Workers: 4
 Periodic GC: Disabled
Heap:
 garbage-first heap   total 118784K, used 69598K [0x0000000080000000, 0x0000000100000000)
  region size 1024K, 1 young (1024K), 1 survivors (1024K)
 Metaspace       used 50350K, committed 50944K, reserved 1114112K
  class space    used 6953K, committed 7232K, reserved 1048576K
GC Heap History (20 events):
Event: 14.967 GC heap after
{Heap after GC invocations=13 (full 0):
 garbage-first heap   total 98304K, used 37390K [0x0000000080000000, 0x0000000100000000)
  region size 1024K, 5 young (5120K), 5 survivors (5120K)
 Metaspace       used 44765K, committed 45248K, reserved 1114112K
  class space    used 6335K, committed 6528K, reserved 1048576K
}
Event: 16.647 GC heap before
{Heap before GC invocations=13 (full 0):
 garbage-first heap   total 98304K, used 78350K [0x0000000080000000, 0x0000000100000000)
  region size 1024K, 45 young (46080K), 5 survivors (5120K)
 Metaspace       used 46308K, committed 46720K, reserved 1114112K
  class space    used 6474K, committed 6656K, reserved 1048576K
}
Event: 16.684 GC heap after
{Heap after GC invocations=14 (full 0):
 garbage-first heap   total 98304K, used 43761K [0x0000000080000000, 0x0000000100000000)
  region size 1024K, 6 young (6144K), 6 survivors (6144K)
 Metaspace       used 46308K, committed 46720K, reserved 1114112K
  class space    used 6474K, committed 6656K, reserved 1048576K
}
Event: 17.821 GC heap before
{Heap before GC invocations=14 (full 0):
 garbage-first heap   total 98304K, used 75505K [0x0000000080000000, 0x0000000100000000)
  region size 1024K, 38 young (38912K), 6 survivors (6144K)
 Metaspace       used 46760K, committed 47296K, reserved 1114112K
  class space    used 6500K, committed 6720K, reserved 1048576K
}
Event: 17.837 GC heap after
{Heap after GC invocations=15 (full 0):
 garbage-first heap   total 98304K, used 46643K [0x0000000080000000, 0x0000000100000000)
  region size 1024K, 4 young (4096K), 4 survivors (4096K)
 Metaspace       used 46760K, committed 47296K, reserved 1114112K
  class space    used 6500K, committed 6720K, reserved 1048576K
}
Event: 18.700 GC heap before
{Heap before GC invocations=15 (full 0):
 garbage-first heap   total 98304K, used 75315K [0x0000000080000000, 0x0000000100000000)
  region size 1024K, 33 young (33792K), 4 survivors (4096K)
 Metaspace       used 46896K, committed 47360K, reserved 1114112K
  class space    used 6501K, committed 6720K, reserved 1048576K
}
Event: 18.709 GC heap after
{Heap after GC invocations=16 (full 0):
 garbage-first heap   total 98304K, used 48006K [0x0000000080000000, 0x0000000100000000)
  region size 1024K, 4 young (4096K), 4 survivors (4096K)
 Metaspace       used 46896K, committed 47360K, reserved 1114112K
  class space    used 6501K, committed 6720K, reserved 1048576K
}
Event: 19.866 GC heap before
{Heap before GC invocations=16 (full 0):
 garbage-first heap   total 98304K, used 76678K [0x0000000080000000, 0x0000000100000000)
  region size 1024K, 33 young (33792K), 4 survivors (4096K)
 Metaspace       used 46936K, committed 47424K, reserved 1114112K
  class space    used 6501K, committed 6720K, reserved 1048576K
}
Event: 19.875 GC heap after
{Heap after GC invocations=17 (full 0):
 garbage-first heap   total 118784K, used 48886K [0x0000000080000000, 0x0000000100000000)
  region size 1024K, 4 young (4096K), 4 survivors (4096K)
 Metaspace       used 46936K, committed 47424K, reserved 1114112K
  class space    used 6501K, committed 6720K, reserved 1048576K
}
Event: 20.831 GC heap before
{Heap before GC invocations=18 (full 0):
 garbage-first heap   total 118784K, used 97014K [0x0000000080000000, 0x0000000100000000)
  region size 1024K, 47 young (48128K), 4 survivors (4096K)
 Metaspace       used 47143K, committed 47680K, reserved 1114112K
  class space    used 6541K, committed 6784K, reserved 1048576K
}
Event: 20.841 GC heap after
{Heap after GC invocations=19 (full 0):
 garbage-first heap   total 118784K, used 55174K [0x0000000080000000, 0x0000000100000000)
  region size 1024K, 6 young (6144K), 6 survivors (6144K)
 Metaspace       used 47143K, committed 47680K, reserved 1114112K
  class space    used 6541K, committed 6784K, reserved 1048576K
}
Event: 20.897 GC heap before
{Heap before GC invocations=19 (full 0):
 garbage-first heap   total 118784K, used 57222K [0x0000000080000000, 0x0000000100000000)
  region size 1024K, 7 young (7168K), 6 survivors (6144K)
 Metaspace       used 47154K, committed 47680K, reserved 1114112K
  class space    used 6541K, committed 6784K, reserved 1048576K
}
Event: 20.910 GC heap after
{Heap after GC invocations=20 (full 0):
 garbage-first heap   total 118784K, used 56384K [0x0000000080000000, 0x0000000100000000)
  region size 1024K, 1 young (1024K), 1 survivors (1024K)
 Metaspace       used 47154K, committed 47680K, reserved 1114112K
  class space    used 6541K, committed 6784K, reserved 1048576K
}
Event: 21.004 GC heap before
{Heap before GC invocations=20 (full 0):
 garbage-first heap   total 118784K, used 59456K [0x0000000080000000, 0x0000000100000000)
  region size 1024K, 5 young (5120K), 1 survivors (1024K)
 Metaspace       used 47157K, committed 47680K, reserved 1114112K
  class space    used 6541K, committed 6784K, reserved 1048576K
}
Event: 21.006 GC heap after
{Heap after GC invocations=21 (full 0):
 garbage-first heap   total 118784K, used 58330K [0x0000000080000000, 0x0000000100000000)
  region size 1024K, 3 young (3072K), 3 survivors (3072K)
 Metaspace       used 47157K, committed 47680K, reserved 1114112K
  class space    used 6541K, committed 6784K, reserved 1048576K
}
Event: 21.595 GC heap before
{Heap before GC invocations=22 (full 0):
 garbage-first heap   total 118784K, used 89050K [0x0000000080000000, 0x0000000100000000)
  region size 1024K, 26 young (26624K), 3 survivors (3072K)
 Metaspace       used 48596K, committed 49152K, reserved 1114112K
  class space    used 6722K, committed 6976K, reserved 1048576K
}
Event: 21.599 GC heap after
{Heap after GC invocations=23 (full 0):
 garbage-first heap   total 118784K, used 69668K [0x0000000080000000, 0x0000000100000000)
  region size 1024K, 4 young (4096K), 4 survivors (4096K)
 Metaspace       used 48596K, committed 49152K, reserved 1114112K
  class space    used 6722K, committed 6976K, reserved 1048576K
}
Event: 21.618 GC heap before
{Heap before GC invocations=23 (full 0):
 garbage-first heap   total 118784K, used 69668K [0x0000000080000000, 0x0000000100000000)
  region size 1024K, 5 young (5120K), 4 survivors (4096K)
 Metaspace       used 48721K, committed 49216K, reserved 1114112K
  class space    used 6730K, committed 6976K, reserved 1048576K
}
Event: 21.622 GC heap after
{Heap after GC invocations=24 (full 0):
 garbage-first heap   total 118784K, used 69235K [0x0000000080000000, 0x0000000100000000)
  region size 1024K, 1 young (1024K), 1 survivors (1024K)
 Metaspace       used 48721K, committed 49216K, reserved 1114112K
  class space    used 6730K, committed 6976K, reserved 1048576K
}
Event: 21.998 GC heap before
{Heap before GC invocations=24 (full 0):
 garbage-first heap   total 118784K, used 86643K [0x0000000080000000, 0x0000000100000000)
  region size 1024K, 19 young (19456K), 1 survivors (1024K)
 Metaspace       used 50350K, committed 50944K, reserved 1114112K
  class space    used 6953K, committed 7232K, reserved 1048576K
}

