# JRE version: OpenJDK Runtime Environment (17.0.11) (build 17.0.11+0--11852314)
# Java VM: OpenJDK 64-Bit Server VM (17.0.11+0--11852314, mixed mode, tiered, compressed oops, compressed class ptrs, g1 gc, windows-amd64)
GC Precious Log:
 CPUs: 4 total, 4 available
 Memory: 8109M
 Large Page Support: Disabled
 NUMA Support: Disabled
 Compressed Oops: Enabled (32-bit)
 Heap Region Size: 1M
 Heap Min Capacity: 8M
 Heap Initial Capacity: 128M
 Heap Max Capacity: 2G
 Pre-touch: Disabled
 Parallel Workers: 4
 Concurrent Workers: 1
 Concurrent Refinement Workers: 4
 Periodic GC: Disabled
Heap:
 garbage-first heap   total 65536K, used 43519K [0x0000000080000000, 0x0000000100000000)
  region size 1024K, 19 young (19456K), 4 survivors (4096K)
 Metaspace       used 40966K, committed 41280K, reserved 1114112K
  class space    used 5346K, committed 5504K, reserved 1048576K
GC Heap History (18 events):
Event: 1.151 GC heap before
{Heap before GC invocations=0 (full 0):
 garbage-first heap   total 131072K, used 15360K [0x0000000080000000, 0x0000000100000000)
  region size 1024K, 13 young (13312K), 0 survivors (0K)
 Metaspace       used 7109K, committed 7296K, reserved 1114112K
  class space    used 609K, committed 704K, reserved 1048576K
}
Event: 1.157 GC heap after
{Heap after GC invocations=1 (full 0):
 garbage-first heap   total 131072K, used 3509K [0x0000000080000000, 0x0000000100000000)
  region size 1024K, 2 young (2048K), 2 survivors (2048K)
 Metaspace       used 7109K, committed 7296K, reserved 1114112K
  class space    used 609K, committed 704K, reserved 1048576K
}
Event: 2.332 GC heap before
{Heap before GC invocations=1 (full 0):
 garbage-first heap   total 131072K, used 21941K [0x0000000080000000, 0x0000000100000000)
  region size 1024K, 18 young (18432K), 2 survivors (2048K)
 Metaspace       used 11100K, committed 11328K, reserved 1114112K
  class space    used 1160K, committed 1280K, reserved 1048576K
}
Event: 2.339 GC heap after
{Heap after GC invocations=2 (full 0):
 garbage-first heap   total 131072K, used 9526K [0x0000000080000000, 0x0000000100000000)
  region size 1024K, 3 young (3072K), 3 survivors (3072K)
 Metaspace       used 11100K, committed 11328K, reserved 1114112K
  class space    used 1160K, committed 1280K, reserved 1048576K
}
Event: 3.075 GC heap before
{Heap before GC invocations=2 (full 0):
 garbage-first heap   total 131072K, used 31030K [0x0000000080000000, 0x0000000100000000)
  region size 1024K, 24 young (24576K), 3 survivors (3072K)
 Metaspace       used 11205K, committed 11392K, reserved 1114112K
  class space    used 1161K, committed 1280K, reserved 1048576K
}
Event: 3.081 GC heap after
{Heap after GC invocations=3 (full 0):
 garbage-first heap   total 131072K, used 13015K [0x0000000080000000, 0x0000000100000000)
  region size 1024K, 3 young (3072K), 3 survivors (3072K)
 Metaspace       used 11205K, committed 11392K, reserved 1114112K
  class space    used 1161K, committed 1280K, reserved 1048576K
}
Event: 6.170 GC heap before
{Heap before GC invocations=3 (full 0):
 garbage-first heap   total 131072K, used 51927K [0x0000000080000000, 0x0000000100000000)
  region size 1024K, 42 young (43008K), 3 survivors (3072K)
 Metaspace       used 21263K, committed 21504K, reserved 1114112K
  class space    used 2546K, committed 2688K, reserved 1048576K
}
Event: 6.182 GC heap after
{Heap after GC invocations=4 (full 0):
 garbage-first heap   total 131072K, used 17747K [0x0000000080000000, 0x0000000100000000)
  region size 1024K, 8 young (8192K), 8 survivors (8192K)
 Metaspace       used 21263K, committed 21504K, reserved 1114112K
  class space    used 2546K, committed 2688K, reserved 1048576K
}
Event: 7.576 GC heap before
{Heap before GC invocations=5 (full 0):
 garbage-first heap   total 65536K, used 48467K [0x0000000080000000, 0x0000000100000000)
  region size 1024K, 38 young (38912K), 8 survivors (8192K)
 Metaspace       used 26341K, committed 26688K, reserved 1114112K
  class space    used 3446K, committed 3584K, reserved 1048576K
}
Event: 7.589 GC heap after
{Heap after GC invocations=6 (full 0):
 garbage-first heap   total 65536K, used 19383K [0x0000000080000000, 0x0000000100000000)
  region size 1024K, 3 young (3072K), 3 survivors (3072K)
 Metaspace       used 26341K, committed 26688K, reserved 1114112K
  class space    used 3446K, committed 3584K, reserved 1048576K
}
Event: 8.812 GC heap before
{Heap before GC invocations=6 (full 0):
 garbage-first heap   total 65536K, used 44983K [0x0000000080000000, 0x0000000100000000)
  region size 1024K, 28 young (28672K), 3 survivors (3072K)
 Metaspace       used 30381K, committed 30656K, reserved 1114112K
  class space    used 4100K, committed 4224K, reserved 1048576K
}
Event: 8.818 GC heap after
{Heap after GC invocations=7 (full 0):
 garbage-first heap   total 65536K, used 20570K [0x0000000080000000, 0x0000000100000000)
  region size 1024K, 4 young (4096K), 4 survivors (4096K)
 Metaspace       used 30381K, committed 30656K, reserved 1114112K
  class space    used 4100K, committed 4224K, reserved 1048576K
}
Event: 10.286 GC heap before
{Heap before GC invocations=7 (full 0):
 garbage-first heap   total 65536K, used 46170K [0x0000000080000000, 0x0000000100000000)
  region size 1024K, 29 young (29696K), 4 survivors (4096K)
 Metaspace       used 34810K, committed 35136K, reserved 1114112K
  class space    used 4699K, committed 4864K, reserved 1048576K
}
Event: 10.297 GC heap after
{Heap after GC invocations=8 (full 0):
 garbage-first heap   total 65536K, used 22409K [0x0000000080000000, 0x0000000100000000)
  region size 1024K, 4 young (4096K), 4 survivors (4096K)
 Metaspace       used 34810K, committed 35136K, reserved 1114112K
  class space    used 4699K, committed 4864K, reserved 1048576K
}
Event: 10.429 GC heap before
{Heap before GC invocations=8 (full 0):
 garbage-first heap   total 65536K, used 24457K [0x0000000080000000, 0x0000000100000000)
  region size 1024K, 7 young (7168K), 4 survivors (4096K)
 Metaspace       used 35729K, committed 35968K, reserved 1114112K
  class space    used 4753K, committed 4864K, reserved 1048576K
}
Event: 10.439 GC heap after
{Heap after GC invocations=9 (full 0):
 garbage-first heap   total 65536K, used 23074K [0x0000000080000000, 0x0000000100000000)
  region size 1024K, 3 young (3072K), 3 survivors (3072K)
 Metaspace       used 35729K, committed 35968K, reserved 1114112K
  class space    used 4753K, committed 4864K, reserved 1048576K
}
Event: 11.286 GC heap before
{Heap before GC invocations=10 (full 0):
 garbage-first heap   total 65536K, used 45602K [0x0000000080000000, 0x0000000100000000)
  region size 1024K, 26 young (26624K), 3 survivors (3072K)
 Metaspace       used 38779K, committed 39040K, reserved 1114112K
  class space    used 5108K, committed 5248K, reserved 1048576K
}
Event: 11.297 GC heap after
{Heap after GC invocations=11 (full 0):
 garbage-first heap   total 65536K, used 26111K [0x0000000080000000, 0x0000000100000000)
  region size 1024K, 4 young (4096K), 4 survivors (4096K)
 Metaspace       used 38779K, committed 39040K, reserved 1114112K
  class space    used 5108K, committed 5248K, reserved 1048576K
}

