# JRE version: OpenJDK Runtime Environment Microsoft-10800295 (17.0.14+7) (build 17.0.14+7-LTS)
# Java VM: OpenJDK 64-Bit Server VM Microsoft-10800295 (17.0.14+7-LTS, mixed mode, sharing, tiered, compressed oops, compressed class ptrs, g1 gc, windows-amd64)
GC Precious Log:
 CPUs: 4 total, 4 available
 Memory: 8109M
 Large Page Support: Disabled
 NUMA Support: Disabled
 Compressed Oops: Enabled (32-bit)
 Heap Region Size: 1M
 Heap Min Capacity: 8M
 Heap Initial Capacity: 128M
 Heap Max Capacity: 2G
 Pre-touch: Disabled
 Parallel Workers: 4
 Concurrent Workers: 1
 Concurrent Refinement Workers: 4
 Periodic GC: Disabled
Heap:
 garbage-first heap   total 146432K, used 103965K [0x0000000080000000, 0x0000000100000000)
  region size 1024K, 28 young (28672K), 1 survivors (1024K)
 Metaspace       used 58261K, committed 58880K, reserved 1114112K
  class space    used 7970K, committed 8256K, reserved 1048576K
GC Heap History (20 events):
Event: 14.905 GC heap before
{Heap before GC invocations=13 (full 0):
 garbage-first heap   total 119808K, used 93815K [0x0000000080000000, 0x0000000100000000)
  region size 1024K, 62 young (63488K), 5 survivors (5120K)
 Metaspace       used 46390K, committed 46848K, reserved 1114112K
  class space    used 6476K, committed 6656K, reserved 1048576K
}
Event: 14.928 GC heap after
{Heap after GC invocations=14 (full 0):
 garbage-first heap   total 119808K, used 43855K [0x0000000080000000, 0x0000000100000000)
  region size 1024K, 8 young (8192K), 8 survivors (8192K)
 Metaspace       used 46390K, committed 46848K, reserved 1114112K
  class space    used 6476K, committed 6656K, reserved 1048576K
}
Event: 16.001 GC heap before
{Heap before GC invocations=14 (full 0):
 garbage-first heap   total 119808K, used 91983K [0x0000000080000000, 0x0000000100000000)
  region size 1024K, 56 young (57344K), 8 survivors (8192K)
 Metaspace       used 46878K, committed 47360K, reserved 1114112K
  class space    used 6502K, committed 6720K, reserved 1048576K
}
Event: 16.018 GC heap after
{Heap after GC invocations=15 (full 0):
 garbage-first heap   total 119808K, used 45780K [0x0000000080000000, 0x0000000100000000)
  region size 1024K, 4 young (4096K), 4 survivors (4096K)
 Metaspace       used 46878K, committed 47360K, reserved 1114112K
  class space    used 6502K, committed 6720K, reserved 1048576K
}
Event: 16.699 GC heap before
{Heap before GC invocations=15 (full 0):
 garbage-first heap   total 119808K, used 93908K [0x0000000080000000, 0x0000000100000000)
  region size 1024K, 51 young (52224K), 4 survivors (4096K)
 Metaspace       used 46908K, committed 47424K, reserved 1114112K
  class space    used 6503K, committed 6720K, reserved 1048576K
}
Event: 16.712 GC heap after
{Heap after GC invocations=16 (full 0):
 garbage-first heap   total 119808K, used 47103K [0x0000000080000000, 0x0000000100000000)
  region size 1024K, 4 young (4096K), 4 survivors (4096K)
 Metaspace       used 46908K, committed 47424K, reserved 1114112K
  class space    used 6503K, committed 6720K, reserved 1048576K
}
Event: 17.420 GC heap before
{Heap before GC invocations=16 (full 0):
 garbage-first heap   total 119808K, used 93183K [0x0000000080000000, 0x0000000100000000)
  region size 1024K, 41 young (41984K), 4 survivors (4096K)
 Metaspace       used 47159K, committed 47680K, reserved 1114112K
  class space    used 6543K, committed 6784K, reserved 1048576K
}
Event: 17.437 GC heap after
{Heap after GC invocations=17 (full 0):
 garbage-first heap   total 119808K, used 63669K [0x0000000080000000, 0x0000000100000000)
  region size 1024K, 7 young (7168K), 7 survivors (7168K)
 Metaspace       used 47159K, committed 47680K, reserved 1114112K
  class space    used 6543K, committed 6784K, reserved 1048576K
}
Event: 17.819 GC heap before
{Heap before GC invocations=18 (full 0):
 garbage-first heap   total 119808K, used 67765K [0x0000000080000000, 0x0000000100000000)
  region size 1024K, 11 young (11264K), 7 survivors (7168K)
 Metaspace       used 47248K, committed 47808K, reserved 1114112K
  class space    used 6552K, committed 6848K, reserved 1048576K
}
Event: 17.833 GC heap after
{Heap after GC invocations=19 (full 0):
 garbage-first heap   total 119808K, used 65589K [0x0000000080000000, 0x0000000100000000)
  region size 1024K, 2 young (2048K), 2 survivors (2048K)
 Metaspace       used 47248K, committed 47808K, reserved 1114112K
  class space    used 6552K, committed 6848K, reserved 1048576K
}
Event: 18.302 GC heap before
{Heap before GC invocations=20 (full 0):
 garbage-first heap   total 121856K, used 87093K [0x0000000080000000, 0x0000000100000000)
  region size 1024K, 22 young (22528K), 2 survivors (2048K)
 Metaspace       used 48804K, committed 49344K, reserved 1114112K
  class space    used 6745K, committed 7040K, reserved 1048576K
}
Event: 18.305 GC heap after
{Heap after GC invocations=21 (full 0):
 garbage-first heap   total 121856K, used 68733K [0x0000000080000000, 0x0000000100000000)
  region size 1024K, 3 young (3072K), 3 survivors (3072K)
 Metaspace       used 48804K, committed 49344K, reserved 1114112K
  class space    used 6745K, committed 7040K, reserved 1048576K
}
Event: 18.339 GC heap before
{Heap before GC invocations=21 (full 0):
 garbage-first heap   total 121856K, used 70781K [0x0000000080000000, 0x0000000100000000)
  region size 1024K, 5 young (5120K), 3 survivors (3072K)
 Metaspace       used 48961K, committed 49536K, reserved 1114112K
  class space    used 6761K, committed 7040K, reserved 1048576K
}
Event: 18.342 GC heap after
{Heap after GC invocations=22 (full 0):
 garbage-first heap   total 146432K, used 68712K [0x0000000080000000, 0x0000000100000000)
  region size 1024K, 1 young (1024K), 1 survivors (1024K)
 Metaspace       used 48961K, committed 49536K, reserved 1114112K
  class space    used 6761K, committed 7040K, reserved 1048576K
}
Event: 19.100 GC heap before
{Heap before GC invocations=22 (full 0):
 garbage-first heap   total 146432K, used 102504K [0x0000000080000000, 0x0000000100000000)
  region size 1024K, 34 young (34816K), 1 survivors (1024K)
 Metaspace       used 52352K, committed 52928K, reserved 1114112K
  class space    used 7159K, committed 7424K, reserved 1048576K
}
Event: 19.104 GC heap after
{Heap after GC invocations=23 (full 0):
 garbage-first heap   total 146432K, used 69331K [0x0000000080000000, 0x0000000100000000)
  region size 1024K, 1 young (1024K), 1 survivors (1024K)
 Metaspace       used 52352K, committed 52928K, reserved 1114112K
  class space    used 7159K, committed 7424K, reserved 1048576K
}
Event: 20.590 GC heap before
{Heap before GC invocations=24 (full 0):
 garbage-first heap   total 146432K, used 106195K [0x0000000080000000, 0x0000000100000000)
  region size 1024K, 37 young (37888K), 1 survivors (1024K)
 Metaspace       used 56727K, committed 57280K, reserved 1114112K
  class space    used 7770K, committed 8000K, reserved 1048576K
}
Event: 20.600 GC heap after
{Heap after GC invocations=25 (full 0):
 garbage-first heap   total 146432K, used 71684K [0x0000000080000000, 0x0000000100000000)
  region size 1024K, 4 young (4096K), 4 survivors (4096K)
 Metaspace       used 56727K, committed 57280K, reserved 1114112K
  class space    used 7770K, committed 8000K, reserved 1048576K
}
Event: 20.617 GC heap before
{Heap before GC invocations=25 (full 0):
 garbage-first heap   total 146432K, used 75780K [0x0000000080000000, 0x0000000100000000)
  region size 1024K, 7 young (7168K), 4 survivors (4096K)
 Metaspace       used 56727K, committed 57280K, reserved 1114112K
  class space    used 7770K, committed 8000K, reserved 1048576K
}
Event: 20.625 GC heap after
{Heap after GC invocations=26 (full 0):
 garbage-first heap   total 146432K, used 73245K [0x0000000080000000, 0x0000000100000000)
  region size 1024K, 1 young (1024K), 1 survivors (1024K)
 Metaspace       used 56727K, committed 57280K, reserved 1114112K
  class space    used 7770K, committed 8000K, reserved 1048576K
}

