# JRE version: OpenJDK Runtime Environment JBR-17.0.14+1-1367.22-nomod (17.0.14+1) (build 17.0.14+1-b1367.22)
# Java VM: OpenJDK 64-Bit Server VM JBR-17.0.14+1-1367.22-nomod (17.0.14+1-b1367.22, mixed mode, sharing, tiered, compressed oops, compressed class ptrs, g1 gc, windows-amd64)
GC Precious Log:
 CPUs: 4 total, 4 available
 Memory: 8109M
 Large Page Support: Disabled
 NUMA Support: Disabled
 Compressed Oops: Enabled (32-bit)
 Heap Region Size: 1M
 Heap Min Capacity: 8M
 Heap Initial Capacity: 128M
 Heap Max Capacity: 2G
 Pre-touch: Disabled
 Parallel Workers: 4
 Concurrent Workers: 1
 Concurrent Refinement Workers: 4
 Periodic GC: Disabled
Heap:
 garbage-first heap   total 282624K, used 166254K [0x0000000080000000, 0x0000000100000000)
  region size 1024K, 19 young (19456K), 1 survivors (1024K)
 Metaspace       used 85303K, committed 86080K, reserved 1179648K
  class space    used 12132K, committed 12480K, reserved 1048576K
GC Heap History (20 events):
Event: 14.019 GC heap before
{Heap before GC invocations=17 (full 0):
 garbage-first heap   total 141312K, used 111383K [0x0000000080000000, 0x0000000100000000)
  region size 1024K, 45 young (46080K), 8 survivors (8192K)
 Metaspace       used 48673K, committed 49216K, reserved 1114112K
  class space    used 7016K, committed 7232K, reserved 1048576K
}
Event: 14.034 GC heap after
{Heap after GC invocations=18 (full 0):
 garbage-first heap   total 141312K, used 76182K [0x0000000080000000, 0x0000000100000000)
  region size 1024K, 3 young (3072K), 3 survivors (3072K)
 Metaspace       used 48673K, committed 49216K, reserved 1114112K
  class space    used 7016K, committed 7232K, reserved 1048576K
}
Event: 15.090 GC heap before
{Heap before GC invocations=18 (full 0):
 garbage-first heap   total 141312K, used 113046K [0x0000000080000000, 0x0000000100000000)
  region size 1024K, 39 young (39936K), 3 survivors (3072K)
 Metaspace       used 52414K, committed 53120K, reserved 1114112K
  class space    used 7626K, committed 7936K, reserved 1048576K
}
Event: 15.103 GC heap after
{Heap after GC invocations=19 (full 0):
 garbage-first heap   total 141312K, used 77992K [0x0000000080000000, 0x0000000100000000)
  region size 1024K, 5 young (5120K), 5 survivors (5120K)
 Metaspace       used 52414K, committed 53120K, reserved 1114112K
  class space    used 7626K, committed 7936K, reserved 1048576K
}
Event: 16.585 GC heap before
{Heap before GC invocations=19 (full 0):
 garbage-first heap   total 141312K, used 113832K [0x0000000080000000, 0x0000000100000000)
  region size 1024K, 41 young (41984K), 5 survivors (5120K)
 Metaspace       used 53414K, committed 54080K, reserved 1114112K
  class space    used 7697K, committed 8000K, reserved 1048576K
}
Event: 16.606 GC heap after
{Heap after GC invocations=20 (full 0):
 garbage-first heap   total 282624K, used 83324K [0x0000000080000000, 0x0000000100000000)
  region size 1024K, 6 young (6144K), 6 survivors (6144K)
 Metaspace       used 53414K, committed 54080K, reserved 1114112K
  class space    used 7697K, committed 8000K, reserved 1048576K
}
Event: 19.115 GC heap before
{Heap before GC invocations=20 (full 0):
 garbage-first heap   total 282624K, used 219516K [0x0000000080000000, 0x0000000100000000)
  region size 1024K, 139 young (142336K), 6 survivors (6144K)
 Metaspace       used 53769K, committed 54400K, reserved 1114112K
  class space    used 7700K, committed 8000K, reserved 1048576K
}
Event: 19.136 GC heap after
{Heap after GC invocations=21 (full 0):
 garbage-first heap   total 282624K, used 86952K [0x0000000080000000, 0x0000000100000000)
  region size 1024K, 10 young (10240K), 10 survivors (10240K)
 Metaspace       used 53769K, committed 54400K, reserved 1114112K
  class space    used 7700K, committed 8000K, reserved 1048576K
}
Event: 20.631 GC heap before
{Heap before GC invocations=21 (full 0):
 garbage-first heap   total 282624K, used 165800K [0x0000000080000000, 0x0000000100000000)
  region size 1024K, 75 young (76800K), 10 survivors (10240K)
 Metaspace       used 58589K, committed 59200K, reserved 1114112K
  class space    used 8271K, committed 8576K, reserved 1048576K
}
Event: 20.652 GC heap after
{Heap after GC invocations=22 (full 0):
 garbage-first heap   total 282624K, used 107711K [0x0000000080000000, 0x0000000100000000)
  region size 1024K, 18 young (18432K), 18 survivors (18432K)
 Metaspace       used 58589K, committed 59200K, reserved 1114112K
  class space    used 8271K, committed 8576K, reserved 1048576K
}
Event: 23.460 GC heap before
{Heap before GC invocations=23 (full 0):
 garbage-first heap   total 282624K, used 231615K [0x0000000080000000, 0x0000000100000000)
  region size 1024K, 132 young (135168K), 18 survivors (18432K)
 Metaspace       used 69328K, committed 70016K, reserved 1114112K
  class space    used 9775K, committed 10048K, reserved 1048576K
}
Event: 23.493 GC heap after
{Heap after GC invocations=24 (full 0):
 garbage-first heap   total 282624K, used 119120K [0x0000000080000000, 0x0000000100000000)
  region size 1024K, 17 young (17408K), 17 survivors (17408K)
 Metaspace       used 69328K, committed 70016K, reserved 1114112K
  class space    used 9775K, committed 10048K, reserved 1048576K
}
Event: 23.511 GC heap before
{Heap before GC invocations=24 (full 0):
 garbage-first heap   total 282624K, used 120144K [0x0000000080000000, 0x0000000100000000)
  region size 1024K, 18 young (18432K), 17 survivors (17408K)
 Metaspace       used 69435K, committed 70144K, reserved 1114112K
  class space    used 9783K, committed 10048K, reserved 1048576K
}
Event: 23.528 GC heap after
{Heap after GC invocations=25 (full 0):
 garbage-first heap   total 282624K, used 120472K [0x0000000080000000, 0x0000000100000000)
  region size 1024K, 2 young (2048K), 2 survivors (2048K)
 Metaspace       used 69435K, committed 70144K, reserved 1114112K
  class space    used 9783K, committed 10048K, reserved 1048576K
}
Event: 25.687 GC heap before
{Heap before GC invocations=25 (full 0):
 garbage-first heap   total 282624K, used 232088K [0x0000000080000000, 0x0000000100000000)
  region size 1024K, 106 young (108544K), 2 survivors (2048K)
 Metaspace       used 75264K, committed 76032K, reserved 1179648K
  class space    used 10517K, committed 10880K, reserved 1048576K
}
Event: 25.715 GC heap after
{Heap after GC invocations=26 (full 0):
 garbage-first heap   total 282624K, used 130373K [0x0000000080000000, 0x0000000100000000)
  region size 1024K, 8 young (8192K), 8 survivors (8192K)
 Metaspace       used 75264K, committed 76032K, reserved 1179648K
  class space    used 10517K, committed 10880K, reserved 1048576K
}
Event: 27.791 GC heap before
{Heap before GC invocations=27 (full 0):
 garbage-first heap   total 282624K, used 227653K [0x0000000080000000, 0x0000000100000000)
  region size 1024K, 103 young (105472K), 8 survivors (8192K)
 Metaspace       used 83060K, committed 83840K, reserved 1179648K
  class space    used 11814K, committed 12160K, reserved 1048576K
}
Event: 27.811 GC heap after
{Heap after GC invocations=28 (full 0):
 garbage-first heap   total 282624K, used 134437K [0x0000000080000000, 0x0000000100000000)
  region size 1024K, 5 young (5120K), 5 survivors (5120K)
 Metaspace       used 83060K, committed 83840K, reserved 1179648K
  class space    used 11814K, committed 12160K, reserved 1048576K
}
Event: 27.972 GC heap before
{Heap before GC invocations=28 (full 0):
 garbage-first heap   total 282624K, used 142629K [0x0000000080000000, 0x0000000100000000)
  region size 1024K, 13 young (13312K), 5 survivors (5120K)
 Metaspace       used 83696K, committed 84480K, reserved 1179648K
  class space    used 11916K, committed 12288K, reserved 1048576K
}
Event: 27.990 GC heap after
{Heap after GC invocations=29 (full 0):
 garbage-first heap   total 282624K, used 134510K [0x0000000080000000, 0x0000000100000000)
  region size 1024K, 1 young (1024K), 1 survivors (1024K)
 Metaspace       used 83696K, committed 84480K, reserved 1179648K
  class space    used 11916K, committed 12288K, reserved 1048576K
}

