# JRE version: OpenJDK Runtime Environment JBR-17.0.14+1-1367.22-nomod (17.0.14+1) (build 17.0.14+1-b1367.22)
# Java VM: OpenJDK 64-Bit Server VM JBR-17.0.14+1-1367.22-nomod (17.0.14+1-b1367.22, mixed mode, sharing, tiered, compressed oops, compressed class ptrs, g1 gc, windows-amd64)
GC Precious Log:
 CPUs: 4 total, 4 available
 Memory: 8109M
 Large Page Support: Disabled
 NUMA Support: Disabled
 Compressed Oops: Enabled (32-bit)
 Heap Region Size: 1M
 Heap Min Capacity: 8M
 Heap Initial Capacity: 128M
 Heap Max Capacity: 2G
 Pre-touch: Disabled
 Parallel Workers: 4
 Concurrent Workers: 1
 Concurrent Refinement Workers: 4
 Periodic GC: Disabled
Heap:
 garbage-first heap   total 186368K, used 110172K [0x0000000080000000, 0x0000000100000000)
  region size 1024K, 1 young (1024K), 1 survivors (1024K)
 Metaspace       used 56959K, committed 57600K, reserved 1114112K
  class space    used 8131K, committed 8448K, reserved 1048576K
GC Heap History (20 events):
Event: 13.351 GC heap after
{Heap after GC invocations=24 (full 0):
 garbage-first heap   total 137216K, used 77647K [0x0000000080000000, 0x0000000100000000)
  region size 1024K, 1 young (1024K), 1 survivors (1024K)
 Metaspace       used 49408K, committed 49920K, reserved 1114112K
  class space    used 7128K, committed 7360K, reserved 1048576K
}
Event: 13.457 GC heap before
{Heap before GC invocations=24 (full 0):
 garbage-first heap   total 137216K, used 82767K [0x0000000080000000, 0x0000000100000000)
  region size 1024K, 6 young (6144K), 1 survivors (1024K)
 Metaspace       used 49684K, committed 50176K, reserved 1114112K
  class space    used 7180K, committed 7424K, reserved 1048576K
}
Event: 13.462 GC heap after
{Heap after GC invocations=25 (full 0):
 garbage-first heap   total 137216K, used 78369K [0x0000000080000000, 0x0000000100000000)
  region size 1024K, 1 young (1024K), 1 survivors (1024K)
 Metaspace       used 49684K, committed 50176K, reserved 1114112K
  class space    used 7180K, committed 7424K, reserved 1048576K
}
Event: 14.215 GC heap before
{Heap before GC invocations=25 (full 0):
 garbage-first heap   total 137216K, used 103969K [0x0000000080000000, 0x0000000100000000)
  region size 1024K, 26 young (26624K), 1 survivors (1024K)
 Metaspace       used 52384K, committed 52992K, reserved 1114112K
  class space    used 7641K, committed 7936K, reserved 1048576K
}
Event: 14.222 GC heap after
{Heap after GC invocations=26 (full 0):
 garbage-first heap   total 137216K, used 79611K [0x0000000080000000, 0x0000000100000000)
  region size 1024K, 2 young (2048K), 2 survivors (2048K)
 Metaspace       used 52384K, committed 52992K, reserved 1114112K
  class space    used 7641K, committed 7936K, reserved 1048576K
}
Event: 15.290 GC heap before
{Heap before GC invocations=27 (full 0):
 garbage-first heap   total 138240K, used 105211K [0x0000000080000000, 0x0000000100000000)
  region size 1024K, 28 young (28672K), 2 survivors (2048K)
 Metaspace       used 53195K, committed 53824K, reserved 1114112K
  class space    used 7701K, committed 8000K, reserved 1048576K
}
Event: 15.316 GC heap after
{Heap after GC invocations=28 (full 0):
 garbage-first heap   total 138240K, used 83920K [0x0000000080000000, 0x0000000100000000)
  region size 1024K, 4 young (4096K), 4 survivors (4096K)
 Metaspace       used 53195K, committed 53824K, reserved 1114112K
  class space    used 7701K, committed 8000K, reserved 1048576K
}
Event: 15.357 GC heap before
{Heap before GC invocations=28 (full 0):
 garbage-first heap   total 138240K, used 85968K [0x0000000080000000, 0x0000000100000000)
  region size 1024K, 6 young (6144K), 4 survivors (4096K)
 Metaspace       used 53211K, committed 53888K, reserved 1114112K
  class space    used 7701K, committed 8000K, reserved 1048576K
}
Event: 15.368 GC heap after
{Heap after GC invocations=29 (full 0):
 garbage-first heap   total 180224K, used 84556K [0x0000000080000000, 0x0000000100000000)
  region size 1024K, 1 young (1024K), 1 survivors (1024K)
 Metaspace       used 53211K, committed 53888K, reserved 1114112K
  class space    used 7701K, committed 8000K, reserved 1048576K
}
Event: 16.276 GC heap before
{Heap before GC invocations=29 (full 0):
 garbage-first heap   total 180224K, used 132684K [0x0000000080000000, 0x0000000100000000)
  region size 1024K, 48 young (49152K), 1 survivors (1024K)
 Metaspace       used 53560K, committed 54144K, reserved 1114112K
  class space    used 7702K, committed 8000K, reserved 1048576K
}
Event: 16.284 GC heap after
{Heap after GC invocations=30 (full 0):
 garbage-first heap   total 180224K, used 87241K [0x0000000080000000, 0x0000000100000000)
  region size 1024K, 4 young (4096K), 4 survivors (4096K)
 Metaspace       used 53560K, committed 54144K, reserved 1114112K
  class space    used 7702K, committed 8000K, reserved 1048576K
}
Event: 17.004 GC heap before
{Heap before GC invocations=31 (full 0):
 garbage-first heap   total 180224K, used 134345K [0x0000000080000000, 0x0000000100000000)
  region size 1024K, 51 young (52224K), 4 survivors (4096K)
 Metaspace       used 53632K, committed 54272K, reserved 1114112K
  class space    used 7702K, committed 8000K, reserved 1048576K
}
Event: 17.013 GC heap after
{Heap after GC invocations=32 (full 0):
 garbage-first heap   total 180224K, used 88575K [0x0000000080000000, 0x0000000100000000)
  region size 1024K, 5 young (5120K), 5 survivors (5120K)
 Metaspace       used 53632K, committed 54272K, reserved 1114112K
  class space    used 7702K, committed 8000K, reserved 1048576K
}
Event: 17.053 GC heap before
{Heap before GC invocations=32 (full 0):
 garbage-first heap   total 180224K, used 90623K [0x0000000080000000, 0x0000000100000000)
  region size 1024K, 8 young (8192K), 5 survivors (5120K)
 Metaspace       used 53632K, committed 54272K, reserved 1114112K
  class space    used 7702K, committed 8000K, reserved 1048576K
}
Event: 17.061 GC heap after
{Heap after GC invocations=33 (full 0):
 garbage-first heap   total 180224K, used 87826K [0x0000000080000000, 0x0000000100000000)
  region size 1024K, 1 young (1024K), 1 survivors (1024K)
 Metaspace       used 53632K, committed 54272K, reserved 1114112K
  class space    used 7702K, committed 8000K, reserved 1048576K
}
Event: 17.671 GC heap before
{Heap before GC invocations=33 (full 0):
 garbage-first heap   total 180224K, used 143122K [0x0000000080000000, 0x0000000100000000)
  region size 1024K, 51 young (52224K), 1 survivors (1024K)
 Metaspace       used 53741K, committed 54336K, reserved 1114112K
  class space    used 7719K, committed 8000K, reserved 1048576K
}
Event: 17.680 GC heap after
{Heap after GC invocations=34 (full 0):
 garbage-first heap   total 180224K, used 96989K [0x0000000080000000, 0x0000000100000000)
  region size 1024K, 5 young (5120K), 5 survivors (5120K)
 Metaspace       used 53741K, committed 54336K, reserved 1114112K
  class space    used 7719K, committed 8000K, reserved 1048576K
}
Event: 18.529 GC heap before
{Heap before GC invocations=35 (full 0):
 garbage-first heap   total 186368K, used 149213K [0x0000000080000000, 0x0000000100000000)
  region size 1024K, 49 young (50176K), 5 survivors (5120K)
 Metaspace       used 56757K, committed 57344K, reserved 1114112K
  class space    used 8114K, committed 8384K, reserved 1048576K
}
Event: 18.540 GC heap after
{Heap after GC invocations=36 (full 0):
 garbage-first heap   total 186368K, used 110876K [0x0000000080000000, 0x0000000100000000)
  region size 1024K, 7 young (7168K), 7 survivors (7168K)
 Metaspace       used 56757K, committed 57344K, reserved 1114112K
  class space    used 8114K, committed 8384K, reserved 1048576K
}
Event: 18.590 GC heap before
{Heap before GC invocations=36 (full 0):
 garbage-first heap   total 186368K, used 112924K [0x0000000080000000, 0x0000000100000000)
  region size 1024K, 9 young (9216K), 7 survivors (7168K)
 Metaspace       used 56959K, committed 57600K, reserved 1114112K
  class space    used 8131K, committed 8448K, reserved 1048576K
}

